#
# There is insufficient memory for the Java Runtime Environment to continue.
# Native memory allocation (malloc) failed to allocate 32744 bytes. Error detail: Chunk::new
# Possible reasons:
#   The system is out of physical RAM or swap space
#   This process is running with CompressedOops enabled, and the Java Heap may be blocking the growth of the native heap
# Possible solutions:
#   Reduce memory load on the system
#   Increase physical memory or swap space
#   Check if swap backing store is full
#   Decrease Java heap size (-Xmx/-Xms)
#   Decrease number of Java threads
#   Decrease Java thread stack sizes (-Xss)
#   Set larger code cache with -XX:ReservedCodeCacheSize=
#   JVM is running with Unscaled Compressed Oops mode in which the Java heap is
#     placed in the first 4GB address space. The Java Heap base address is the
#     maximum limit for the native heap growth. Please use -XX:HeapBaseMinAddress
#     to set the Java Heap base and to place the Java Heap above 4GB virtual address.
# This output file may be truncated or incomplete.
#
#  Out of Memory Error (arena.cpp:168), pid=22216, tid=10424
#
# JRE version: OpenJDK Runtime Environment Temurin-21.0.3+9 (21.0.3+9) (build 21.0.3+9-LTS)
# Java VM: OpenJDK 64-Bit Server VM Temurin-21.0.3+9 (21.0.3+9-LTS, mixed mode, sharing, tiered, compressed oops, compressed class ptrs, g1 gc, windows-amd64)
# No core dump will be written. Minidumps are not enabled by default on client versions of Windows
#

---------------  S U M M A R Y ------------

Command Line: -Xmx64m -Xms64m -Dorg.gradle.appname=gradlew D:\Al websites\SafeBrowse structured\Safe-Browse\frontend\android\\gradle\wrapper\gradle-wrapper.jar app:assembleDebug -x lint -x test --configure-on-demand --build-cache -PreactNativeDevServerPort=8081 -PreactNativeArchitectures=arm64-v8a

Host: AMD Ryzen 5 5600H with Radeon Graphics         , 12 cores, 7G,  Windows 11 , 64 bit Build 26100 (10.0.26100.7623)
Time: Tue Jan 20 02:00:59 2026 India Standard Time elapsed time: 554.495327 seconds (0d 0h 9m 14s)

---------------  T H R E A D  ---------------

Current thread (0x000001de68c850b0):  JavaThread "C2 CompilerThread0" daemon [_thread_in_native, id=10424, stack(0x000000d790800000,0x000000d790900000) (1024K)]


Current CompileTask:
C2: 554496 2542       4       java.util.concurrent.ScheduledThreadPoolExecutor$DelayedWorkQueue::add (9 bytes)

Stack: [0x000000d790800000,0x000000d790900000]
Native frames: (J=compiled Java code, j=interpreted, Vv=VM code, C=native code)
V  [jvm.dll+0x6c8699]
V  [jvm.dll+0x8a2061]
V  [jvm.dll+0x8a458e]
V  [jvm.dll+0x8a4c63]
V  [jvm.dll+0x27e476]
V  [jvm.dll+0xc4a1d]
V  [jvm.dll+0xc4f53]
V  [jvm.dll+0x5f1f84]
V  [jvm.dll+0x24fa82]
V  [jvm.dll+0x24834c]
V  [jvm.dll+0x245e94]
V  [jvm.dll+0x1c6f4e]
V  [jvm.dll+0x255719]
V  [jvm.dll+0x253cba]
V  [jvm.dll+0x3ec1e6]
V  [jvm.dll+0x84bf8b]
V  [jvm.dll+0x6c6dcd]
C  [ucrtbase.dll+0x37b0]
C  [KERNEL32.DLL+0x2e8d7]
C  [ntdll.dll+0x8c53c]


---------------  P R O C E S S  ---------------

Threads class SMR info:
_java_thread_list=0x000001de6d3c6640, length=12, elements={
0x000001de4c0e4020, 0x000001de68c4a150, 0x000001de68c4d8e0, 0x000001de68c52670,
0x000001de68c53480, 0x000001de68c54c00, 0x000001de68c5e4c0, 0x000001de68c850b0,
0x000001de68c86270, 0x000001de6d107e80, 0x000001de6d10d520, 0x000001de6ddd7560
}

Java Threads: ( => current thread )
  0x000001de4c0e4020 JavaThread "main"                              [_thread_in_native, id=3108, stack(0x000000d78fa00000,0x000000d78fb00000) (1024K)]
  0x000001de68c4a150 JavaThread "Reference Handler"          daemon [_thread_blocked, id=10248, stack(0x000000d790200000,0x000000d790300000) (1024K)]
  0x000001de68c4d8e0 JavaThread "Finalizer"                  daemon [_thread_blocked, id=15812, stack(0x000000d790300000,0x000000d790400000) (1024K)]
  0x000001de68c52670 JavaThread "Signal Dispatcher"          daemon [_thread_blocked, id=16684, stack(0x000000d790400000,0x000000d790500000) (1024K)]
  0x000001de68c53480 JavaThread "Attach Listener"            daemon [_thread_blocked, id=19820, stack(0x000000d790500000,0x000000d790600000) (1024K)]
  0x000001de68c54c00 JavaThread "Service Thread"             daemon [_thread_blocked, id=21292, stack(0x000000d790600000,0x000000d790700000) (1024K)]
  0x000001de68c5e4c0 JavaThread "Monitor Deflation Thread"   daemon [_thread_blocked, id=3980, stack(0x000000d790700000,0x000000d790800000) (1024K)]
=>0x000001de68c850b0 JavaThread "C2 CompilerThread0"         daemon [_thread_in_native, id=10424, stack(0x000000d790800000,0x000000d790900000) (1024K)]
  0x000001de68c86270 JavaThread "C1 CompilerThread0"         daemon [_thread_blocked, id=5772, stack(0x000000d790900000,0x000000d790a00000) (1024K)]
  0x000001de6d107e80 JavaThread "Notification Thread"        daemon [_thread_blocked, id=4816, stack(0x000000d790a00000,0x000000d790b00000) (1024K)]
  0x000001de6d10d520 JavaThread "Common-Cleaner"             daemon [_thread_blocked, id=6856, stack(0x000000d790b00000,0x000000d790c00000) (1024K)]
  0x000001de6ddd7560 JavaThread "pool-1-thread-1"                   [_thread_blocked, id=15416, stack(0x000000d791100000,0x000000d791200000) (1024K)]
Total: 12

Other Threads:
  0x000001de4c47a600 VMThread "VM Thread"                           [id=7256, stack(0x000000d790100000,0x000000d790200000) (1024K)]
  0x000001de4c460fb0 WatcherThread "VM Periodic Task Thread"        [id=10292, stack(0x000000d790000000,0x000000d790100000) (1024K)]
  0x000001de4c3da5b0 WorkerThread "GC Thread#0"                     [id=21124, stack(0x000000d78fb00000,0x000000d78fc00000) (1024K)]
  0x000001de6d4a2480 WorkerThread "GC Thread#1"                     [id=7480, stack(0x000000d790e00000,0x000000d790f00000) (1024K)]
  0x000001de6d3e1ba0 WorkerThread "GC Thread#2"                     [id=4012, stack(0x000000d790f00000,0x000000d791000000) (1024K)]
  0x000001de6d3e1f40 WorkerThread "GC Thread#3"                     [id=23376, stack(0x000000d791000000,0x000000d791100000) (1024K)]
  0x000001de6e190020 WorkerThread "GC Thread#4"                     [id=16052, stack(0x000000d791200000,0x000000d791300000) (1024K)]
  0x000001de6e190760 WorkerThread "GC Thread#5"                     [id=12176, stack(0x000000d791300000,0x000000d791400000) (1024K)]
  0x000001de6e191240 WorkerThread "GC Thread#6"                     [id=12528, stack(0x000000d791400000,0x000000d791500000) (1024K)]
  0x000001de6e1903c0 WorkerThread "GC Thread#7"                     [id=15472, stack(0x000000d791500000,0x000000d791600000) (1024K)]
  0x000001de6e1915e0 WorkerThread "GC Thread#8"                     [id=2136, stack(0x000000d78f700000,0x000000d78f800000) (1024K)]
  0x000001de4c3dbca0 ConcurrentGCThread "G1 Main Marker"            [id=23384, stack(0x000000d78fc00000,0x000000d78fd00000) (1024K)]
  0x000001de4c3dd530 WorkerThread "G1 Conc#0"                       [id=18764, stack(0x000000d78fd00000,0x000000d78fe00000) (1024K)]
  0x000001de4c454720 ConcurrentGCThread "G1 Refine#0"               [id=14824, stack(0x000000d78fe00000,0x000000d78ff00000) (1024K)]
  0x000001de4c455040 ConcurrentGCThread "G1 Service"                [id=12428, stack(0x000000d78ff00000,0x000000d790000000) (1024K)]
Total: 15

Threads with active compile tasks:
C2 CompilerThread0   554569 2542       4       java.util.concurrent.ScheduledThreadPoolExecutor$DelayedWorkQueue::add (9 bytes)
Total: 1

VM state: not at safepoint (normal execution)

VM Mutex/Monitor currently owned by a thread: None

Heap address: 0x00000000fc000000, size: 64 MB, Compressed Oops mode: 32-bit

CDS archive(s) mapped at: [0x000001de00000000-0x000001de00c90000-0x000001de00c90000), size 13172736, SharedBaseAddress: 0x000001de00000000, ArchiveRelocationMode: 1.
Compressed class space mapped at: 0x000001de01000000-0x000001de41000000, reserved size: 1073741824
Narrow klass base: 0x000001de00000000, Narrow klass shift: 0, Narrow klass range: 0x100000000

GC Precious Log:
 CardTable entry size: 512
 Card Set container configuration: InlinePtr #cards 5 size 8 Array Of Cards #cards 12 size 40 Howl #buckets 4 coarsen threshold 1843 Howl Bitmap #cards 512 size 80 coarsen threshold 460 Card regions per heap region 1 cards per card region 2048
 CPUs: 12 total, 12 available
 Memory: 7521M
 Large Page Support: Disabled
 NUMA Support: Disabled
 Compressed Oops: Enabled (32-bit)
 Heap Region Size: 1M
 Heap Min Capacity: 64M
 Heap Initial Capacity: 64M
 Heap Max Capacity: 64M
 Pre-touch: Disabled
 Parallel Workers: 10
 Concurrent Workers: 3
 Concurrent Refinement Workers: 10
 Periodic GC: Disabled

Heap:
 garbage-first heap   total 65536K, used 23646K [0x00000000fc000000, 0x0000000100000000)
  region size 1024K, 13 young (13312K), 1 survivors (1024K)
 Metaspace       used 10288K, committed 10624K, reserved 1114112K
  class space    used 1331K, committed 1472K, reserved 1048576K

Heap Regions: E=young(eden), S=young(survivor), O=old, HS=humongous(starts), HC=humongous(continues), CS=collection set, F=free, TAMS=top-at-mark-start, PB=parsable bottom
|   0|0x00000000fc000000, 0x00000000fc100000, 0x00000000fc100000|100%|HS|  |TAMS 0x00000000fc000000| PB 0x00000000fc000000| Complete 
|   1|0x00000000fc100000, 0x00000000fc200000, 0x00000000fc200000|100%|HC|  |TAMS 0x00000000fc100000| PB 0x00000000fc100000| Complete 
|   2|0x00000000fc200000, 0x00000000fc300000, 0x00000000fc300000|100%|HC|  |TAMS 0x00000000fc200000| PB 0x00000000fc200000| Complete 
|   3|0x00000000fc300000, 0x00000000fc400000, 0x00000000fc400000|100%| O|  |TAMS 0x00000000fc300000| PB 0x00000000fc300000| Untracked 
|   4|0x00000000fc400000, 0x00000000fc500000, 0x00000000fc500000|100%| O|  |TAMS 0x00000000fc400000| PB 0x00000000fc400000| Untracked 
|   5|0x00000000fc500000, 0x00000000fc600000, 0x00000000fc600000|100%| O|  |TAMS 0x00000000fc500000| PB 0x00000000fc500000| Untracked 
|   6|0x00000000fc600000, 0x00000000fc700000, 0x00000000fc700000|100%| O|  |TAMS 0x00000000fc600000| PB 0x00000000fc600000| Untracked 
|   7|0x00000000fc700000, 0x00000000fc800000, 0x00000000fc800000|100%| O|  |TAMS 0x00000000fc700000| PB 0x00000000fc700000| Untracked 
|   8|0x00000000fc800000, 0x00000000fc900000, 0x00000000fc900000|100%| O|  |TAMS 0x00000000fc800000| PB 0x00000000fc800000| Untracked 
|   9|0x00000000fc900000, 0x00000000fca00000, 0x00000000fca00000|100%| O|  |TAMS 0x00000000fc900000| PB 0x00000000fc900000| Untracked 
|  10|0x00000000fca00000, 0x00000000fcb00000, 0x00000000fcb00000|100%| O|  |TAMS 0x00000000fca00000| PB 0x00000000fca00000| Untracked 
|  11|0x00000000fcb00000, 0x00000000fcb2bf40, 0x00000000fcc00000| 17%| O|  |TAMS 0x00000000fcb00000| PB 0x00000000fcb00000| Untracked 
|  12|0x00000000fcc00000, 0x00000000fcc00000, 0x00000000fcd00000|  0%| F|  |TAMS 0x00000000fcc00000| PB 0x00000000fcc00000| Untracked 
|  13|0x00000000fcd00000, 0x00000000fcd00000, 0x00000000fce00000|  0%| F|  |TAMS 0x00000000fcd00000| PB 0x00000000fcd00000| Untracked 
|  14|0x00000000fce00000, 0x00000000fce00000, 0x00000000fcf00000|  0%| F|  |TAMS 0x00000000fce00000| PB 0x00000000fce00000| Untracked 
|  15|0x00000000fcf00000, 0x00000000fcf00000, 0x00000000fd000000|  0%| F|  |TAMS 0x00000000fcf00000| PB 0x00000000fcf00000| Untracked 
|  16|0x00000000fd000000, 0x00000000fd000000, 0x00000000fd100000|  0%| F|  |TAMS 0x00000000fd000000| PB 0x00000000fd000000| Untracked 
|  17|0x00000000fd100000, 0x00000000fd100000, 0x00000000fd200000|  0%| F|  |TAMS 0x00000000fd100000| PB 0x00000000fd100000| Untracked 
|  18|0x00000000fd200000, 0x00000000fd200000, 0x00000000fd300000|  0%| F|  |TAMS 0x00000000fd200000| PB 0x00000000fd200000| Untracked 
|  19|0x00000000fd300000, 0x00000000fd300000, 0x00000000fd400000|  0%| F|  |TAMS 0x00000000fd300000| PB 0x00000000fd300000| Untracked 
|  20|0x00000000fd400000, 0x00000000fd400000, 0x00000000fd500000|  0%| F|  |TAMS 0x00000000fd400000| PB 0x00000000fd400000| Untracked 
|  21|0x00000000fd500000, 0x00000000fd500000, 0x00000000fd600000|  0%| F|  |TAMS 0x00000000fd500000| PB 0x00000000fd500000| Untracked 
|  22|0x00000000fd600000, 0x00000000fd600000, 0x00000000fd700000|  0%| F|  |TAMS 0x00000000fd600000| PB 0x00000000fd600000| Untracked 
|  23|0x00000000fd700000, 0x00000000fd700000, 0x00000000fd800000|  0%| F|  |TAMS 0x00000000fd700000| PB 0x00000000fd700000| Untracked 
|  24|0x00000000fd800000, 0x00000000fd800000, 0x00000000fd900000|  0%| F|  |TAMS 0x00000000fd800000| PB 0x00000000fd800000| Untracked 
|  25|0x00000000fd900000, 0x00000000fd900000, 0x00000000fda00000|  0%| F|  |TAMS 0x00000000fd900000| PB 0x00000000fd900000| Untracked 
|  26|0x00000000fda00000, 0x00000000fda00000, 0x00000000fdb00000|  0%| F|  |TAMS 0x00000000fda00000| PB 0x00000000fda00000| Untracked 
|  27|0x00000000fdb00000, 0x00000000fdb00000, 0x00000000fdc00000|  0%| F|  |TAMS 0x00000000fdb00000| PB 0x00000000fdb00000| Untracked 
|  28|0x00000000fdc00000, 0x00000000fdc00000, 0x00000000fdd00000|  0%| F|  |TAMS 0x00000000fdc00000| PB 0x00000000fdc00000| Untracked 
|  29|0x00000000fdd00000, 0x00000000fdd00000, 0x00000000fde00000|  0%| F|  |TAMS 0x00000000fdd00000| PB 0x00000000fdd00000| Untracked 
|  30|0x00000000fde00000, 0x00000000fdeeba70, 0x00000000fdf00000| 92%| S|CS|TAMS 0x00000000fde00000| PB 0x00000000fde00000| Complete 
|  31|0x00000000fdf00000, 0x00000000fdf00000, 0x00000000fe000000|  0%| F|  |TAMS 0x00000000fdf00000| PB 0x00000000fdf00000| Untracked 
|  32|0x00000000fe000000, 0x00000000fe000000, 0x00000000fe100000|  0%| F|  |TAMS 0x00000000fe000000| PB 0x00000000fe000000| Untracked 
|  33|0x00000000fe100000, 0x00000000fe100000, 0x00000000fe200000|  0%| F|  |TAMS 0x00000000fe100000| PB 0x00000000fe100000| Untracked 
|  34|0x00000000fe200000, 0x00000000fe200000, 0x00000000fe300000|  0%| F|  |TAMS 0x00000000fe200000| PB 0x00000000fe200000| Untracked 
|  35|0x00000000fe300000, 0x00000000fe300000, 0x00000000fe400000|  0%| F|  |TAMS 0x00000000fe300000| PB 0x00000000fe300000| Untracked 
|  36|0x00000000fe400000, 0x00000000fe400000, 0x00000000fe500000|  0%| F|  |TAMS 0x00000000fe400000| PB 0x00000000fe400000| Untracked 
|  37|0x00000000fe500000, 0x00000000fe500000, 0x00000000fe600000|  0%| F|  |TAMS 0x00000000fe500000| PB 0x00000000fe500000| Untracked 
|  38|0x00000000fe600000, 0x00000000fe600000, 0x00000000fe700000|  0%| F|  |TAMS 0x00000000fe600000| PB 0x00000000fe600000| Untracked 
|  39|0x00000000fe700000, 0x00000000fe700000, 0x00000000fe800000|  0%| F|  |TAMS 0x00000000fe700000| PB 0x00000000fe700000| Untracked 
|  40|0x00000000fe800000, 0x00000000fe800000, 0x00000000fe900000|  0%| F|  |TAMS 0x00000000fe800000| PB 0x00000000fe800000| Untracked 
|  41|0x00000000fe900000, 0x00000000fe900000, 0x00000000fea00000|  0%| F|  |TAMS 0x00000000fe900000| PB 0x00000000fe900000| Untracked 
|  42|0x00000000fea00000, 0x00000000fea00000, 0x00000000feb00000|  0%| F|  |TAMS 0x00000000fea00000| PB 0x00000000fea00000| Untracked 
|  43|0x00000000feb00000, 0x00000000feb00000, 0x00000000fec00000|  0%| F|  |TAMS 0x00000000feb00000| PB 0x00000000feb00000| Untracked 
|  44|0x00000000fec00000, 0x00000000fec00000, 0x00000000fed00000|  0%| F|  |TAMS 0x00000000fec00000| PB 0x00000000fec00000| Untracked 
|  45|0x00000000fed00000, 0x00000000fed00000, 0x00000000fee00000|  0%| F|  |TAMS 0x00000000fed00000| PB 0x00000000fed00000| Untracked 
|  46|0x00000000fee00000, 0x00000000fee00000, 0x00000000fef00000|  0%| F|  |TAMS 0x00000000fee00000| PB 0x00000000fee00000| Untracked 
|  47|0x00000000fef00000, 0x00000000fef00000, 0x00000000ff000000|  0%| F|  |TAMS 0x00000000fef00000| PB 0x00000000fef00000| Untracked 
|  48|0x00000000ff000000, 0x00000000ff000000, 0x00000000ff100000|  0%| F|  |TAMS 0x00000000ff000000| PB 0x00000000ff000000| Untracked 
|  49|0x00000000ff100000, 0x00000000ff100000, 0x00000000ff200000|  0%| F|  |TAMS 0x00000000ff100000| PB 0x00000000ff100000| Untracked 
|  50|0x00000000ff200000, 0x00000000ff200000, 0x00000000ff300000|  0%| F|  |TAMS 0x00000000ff200000| PB 0x00000000ff200000| Untracked 
|  51|0x00000000ff300000, 0x00000000ff300000, 0x00000000ff400000|  0%| F|  |TAMS 0x00000000ff300000| PB 0x00000000ff300000| Untracked 
|  52|0x00000000ff400000, 0x00000000ff421d60, 0x00000000ff500000| 13%| E|  |TAMS 0x00000000ff400000| PB 0x00000000ff400000| Complete 
|  53|0x00000000ff500000, 0x00000000ff600000, 0x00000000ff600000|100%| E|CS|TAMS 0x00000000ff500000| PB 0x00000000ff500000| Complete 
|  54|0x00000000ff600000, 0x00000000ff700000, 0x00000000ff700000|100%| E|CS|TAMS 0x00000000ff600000| PB 0x00000000ff600000| Complete 
|  55|0x00000000ff700000, 0x00000000ff800000, 0x00000000ff800000|100%| E|CS|TAMS 0x00000000ff700000| PB 0x00000000ff700000| Complete 
|  56|0x00000000ff800000, 0x00000000ff900000, 0x00000000ff900000|100%| E|CS|TAMS 0x00000000ff800000| PB 0x00000000ff800000| Complete 
|  57|0x00000000ff900000, 0x00000000ffa00000, 0x00000000ffa00000|100%| E|CS|TAMS 0x00000000ff900000| PB 0x00000000ff900000| Complete 
|  58|0x00000000ffa00000, 0x00000000ffb00000, 0x00000000ffb00000|100%| E|CS|TAMS 0x00000000ffa00000| PB 0x00000000ffa00000| Complete 
|  59|0x00000000ffb00000, 0x00000000ffc00000, 0x00000000ffc00000|100%| E|CS|TAMS 0x00000000ffb00000| PB 0x00000000ffb00000| Complete 
|  60|0x00000000ffc00000, 0x00000000ffd00000, 0x00000000ffd00000|100%| E|CS|TAMS 0x00000000ffc00000| PB 0x00000000ffc00000| Complete 
|  61|0x00000000ffd00000, 0x00000000ffe00000, 0x00000000ffe00000|100%| E|CS|TAMS 0x00000000ffd00000| PB 0x00000000ffd00000| Complete 
|  62|0x00000000ffe00000, 0x00000000fff00000, 0x00000000fff00000|100%| E|CS|TAMS 0x00000000ffe00000| PB 0x00000000ffe00000| Complete 
|  63|0x00000000fff00000, 0x0000000100000000, 0x0000000100000000|100%| E|CS|TAMS 0x00000000fff00000| PB 0x00000000fff00000| Complete 

Card table byte_map: [0x000001de65f30000,0x000001de65f50000] _byte_map_base: 0x000001de65750000

Marking Bits: (CMBitMap*) 0x000001de4c3dabc0
 Bits: [0x000001de65f50000, 0x000001de66050000)

Polling page: 0x000001de4c480000

Metaspace:

Usage:
  Non-class:      8.75 MB used.
      Class:      1.30 MB used.
       Both:     10.05 MB used.

Virtual space:
  Non-class space:       64.00 MB reserved,       8.94 MB ( 14%) committed,  1 nodes.
      Class space:        1.00 GB reserved,       1.44 MB ( <1%) committed,  1 nodes.
             Both:        1.06 GB reserved,      10.38 MB ( <1%) committed. 

Chunk freelists:
   Non-Class:  6.20 MB
       Class:  14.45 MB
        Both:  20.65 MB

MaxMetaspaceSize: unlimited
CompressedClassSpaceSize: 1.00 GB
Initial GC threshold: 21.00 MB
Current GC threshold: 21.00 MB
CDS: on
 - commit_granule_bytes: 65536.
 - commit_granule_words: 8192.
 - virtual_space_node_default_size: 8388608.
 - enlarge_chunks_in_place: 1.
 - use_allocation_guard: 0.


Internal statistics:

num_allocs_failed_limit: 0.
num_arena_births: 300.
num_arena_deaths: 0.
num_vsnodes_births: 2.
num_vsnodes_deaths: 0.
num_space_committed: 166.
num_space_uncommitted: 0.
num_chunks_returned_to_freelist: 0.
num_chunks_taken_from_freelist: 615.
num_chunk_merges: 0.
num_chunk_splits: 397.
num_chunks_enlarged: 269.
num_inconsistent_stats: 0.

CodeHeap 'non-profiled nmethods': size=120000Kb used=1583Kb max_used=1583Kb free=118416Kb
 bounds [0x000001de5dd60000, 0x000001de5dfd0000, 0x000001de65290000]
CodeHeap 'profiled nmethods': size=120000Kb used=4578Kb max_used=4578Kb free=115421Kb
 bounds [0x000001de56290000, 0x000001de56710000, 0x000001de5d7c0000]
CodeHeap 'non-nmethods': size=5760Kb used=1408Kb max_used=1456Kb free=4351Kb
 bounds [0x000001de5d7c0000, 0x000001de5da30000, 0x000001de5dd60000]
 total_blobs=3040 nmethods=2540 adapters=404
 compilation: enabled
              stopped_count=0, restarted_count=0
 full_count=0

Compilation events (20 events):
Event: 538.825 Thread 0x000001de68c850b0 nmethod 2532 0x000001de5dee6e90 code [0x000001de5dee7020, 0x000001de5dee70f0]
Event: 539.075 Thread 0x000001de68c850b0 2533       4       java.util.Collections$EmptyList::equals (25 bytes)
Event: 539.077 Thread 0x000001de68c850b0 nmethod 2533 0x000001de5dee7190 code [0x000001de5dee7320, 0x000001de5dee7448]
Event: 541.293 Thread 0x000001de68c850b0 2534       4       com.google.common.base.Predicates::instanceOf (10 bytes)
Event: 541.302 Thread 0x000001de68c850b0 nmethod 2534 0x000001de5dee7590 code [0x000001de5dee7720, 0x000001de5dee7820]
Event: 541.303 Thread 0x000001de68c850b0 2535       4       com.google.common.collect.Iterables::filter (20 bytes)
Event: 541.321 Thread 0x000001de68c850b0 nmethod 2535 0x000001de5dee7910 code [0x000001de5dee7aa0, 0x000001de5dee7bd0]
Event: 541.321 Thread 0x000001de68c850b0 2536       4       com.google.common.collect.Iterators::addAll (41 bytes)
Event: 541.418 Thread 0x000001de68c850b0 nmethod 2536 0x000001de5dee7d10 code [0x000001de5dee7fa0, 0x000001de5dee9558]
Event: 543.041 Thread 0x000001de68c850b0 2537       4       com.google.common.collect.ImmutableList::equals (6 bytes)
Event: 544.146 Thread 0x000001de68c850b0 nmethod 2537 0x000001de5dee9d10 code [0x000001de5dee9f00, 0x000001de5deea4f0]
Event: 544.146 Thread 0x000001de68c850b0 2538       4       com.google.common.collect.Lists::equalsImpl (114 bytes)
Event: 544.181 Thread 0x000001de68c850b0 nmethod 2538 0x000001de5deea910 code [0x000001de5deeab00, 0x000001de5deeb0d8]
Event: 550.140 Thread 0x000001de68c850b0 2539       4       java.util.ArrayDeque::size (17 bytes)
Event: 550.332 Thread 0x000001de68c850b0 nmethod 2539 0x000001de5deeb510 code [0x000001de5deeb6a0, 0x000001de5deeb758]
Event: 551.011 Thread 0x000001de68c850b0 2540       4       java.util.concurrent.ThreadPoolExecutor::ensurePrestart (41 bytes)
Event: 551.302 Thread 0x000001de68c850b0 nmethod 2540 0x000001de5deeb810 code [0x000001de5deeb9a0, 0x000001de5deeba90]
Event: 551.302 Thread 0x000001de68c850b0 2541       4       java.util.concurrent.ThreadPoolExecutor$Worker::unlock (7 bytes)
Event: 551.303 Thread 0x000001de68c850b0 nmethod 2541 0x000001de5deebb90 code [0x000001de5deebd40, 0x000001de5deebea8]
Event: 551.395 Thread 0x000001de68c850b0 2542       4       java.util.concurrent.ScheduledThreadPoolExecutor$DelayedWorkQueue::add (9 bytes)

GC Heap History (8 events):
Event: 0.333 GC heap before
{Heap before GC invocations=0 (full 0):
 garbage-first heap   total 65536K, used 22528K [0x00000000fc000000, 0x0000000100000000)
  region size 1024K, 23 young (23552K), 0 survivors (0K)
 Metaspace       used 1591K, committed 1792K, reserved 1114112K
  class space    used 148K, committed 256K, reserved 1048576K
}
Event: 0.336 GC heap after
{Heap after GC invocations=1 (full 0):
 garbage-first heap   total 65536K, used 1824K [0x00000000fc000000, 0x0000000100000000)
  region size 1024K, 2 young (2048K), 2 survivors (2048K)
 Metaspace       used 1591K, committed 1792K, reserved 1114112K
  class space    used 148K, committed 256K, reserved 1048576K
}
Event: 1.026 GC heap before
{Heap before GC invocations=1 (full 0):
 garbage-first heap   total 65536K, used 37664K [0x00000000fc000000, 0x0000000100000000)
  region size 1024K, 35 young (35840K), 2 survivors (2048K)
 Metaspace       used 8307K, committed 8640K, reserved 1114112K
  class space    used 1124K, committed 1280K, reserved 1048576K
}
Event: 1.037 GC heap after
{Heap after GC invocations=2 (full 0):
 garbage-first heap   total 65536K, used 11441K [0x00000000fc000000, 0x0000000100000000)
  region size 1024K, 5 young (5120K), 5 survivors (5120K)
 Metaspace       used 8307K, committed 8640K, reserved 1114112K
  class space    used 1124K, committed 1280K, reserved 1048576K
}
Event: 190.322 GC heap before
{Heap before GC invocations=2 (full 0):
 garbage-first heap   total 65536K, used 41137K [0x00000000fc000000, 0x0000000100000000)
  region size 1024K, 35 young (35840K), 5 survivors (5120K)
 Metaspace       used 10252K, committed 10560K, reserved 1114112K
  class space    used 1331K, committed 1472K, reserved 1048576K
}
Event: 190.347 GC heap after
{Heap after GC invocations=3 (full 0):
 garbage-first heap   total 65536K, used 13073K [0x00000000fc000000, 0x0000000100000000)
  region size 1024K, 2 young (2048K), 2 survivors (2048K)
 Metaspace       used 10252K, committed 10560K, reserved 1114112K
  class space    used 1331K, committed 1472K, reserved 1048576K
}
Event: 379.800 GC heap before
{Heap before GC invocations=3 (full 0):
 garbage-first heap   total 65536K, used 44817K [0x00000000fc000000, 0x0000000100000000)
  region size 1024K, 33 young (33792K), 2 survivors (2048K)
 Metaspace       used 10270K, committed 10560K, reserved 1114112K
  class space    used 1331K, committed 1472K, reserved 1048576K
}
Event: 379.828 GC heap after
{Heap after GC invocations=4 (full 0):
 garbage-first heap   total 65536K, used 12382K [0x00000000fc000000, 0x0000000100000000)
  region size 1024K, 1 young (1024K), 1 survivors (1024K)
 Metaspace       used 10270K, committed 10560K, reserved 1114112K
  class space    used 1331K, committed 1472K, reserved 1048576K
}

Dll operation events (13 events):
Event: 0.006 Loaded shared library C:\Program Files\Eclipse Adoptium\jdk-21.0.3.9-hotspot\bin\java.dll
Event: 0.027 Loaded shared library C:\Program Files\Eclipse Adoptium\jdk-21.0.3.9-hotspot\bin\jsvml.dll
Event: 0.038 Loaded shared library C:\Program Files\Eclipse Adoptium\jdk-21.0.3.9-hotspot\bin\net.dll
Event: 0.040 Loaded shared library C:\Program Files\Eclipse Adoptium\jdk-21.0.3.9-hotspot\bin\nio.dll
Event: 0.042 Loaded shared library C:\Program Files\Eclipse Adoptium\jdk-21.0.3.9-hotspot\bin\zip.dll
Event: 0.046 Loaded shared library C:\Program Files\Eclipse Adoptium\jdk-21.0.3.9-hotspot\bin\verify.dll
Event: 0.339 Loaded shared library C:\Program Files\Eclipse Adoptium\jdk-21.0.3.9-hotspot\bin\jimage.dll
Event: 0.577 Loaded shared library C:\Program Files\Eclipse Adoptium\jdk-21.0.3.9-hotspot\bin\management.dll
Event: 0.581 Loaded shared library C:\Program Files\Eclipse Adoptium\jdk-21.0.3.9-hotspot\bin\management_ext.dll
Event: 0.619 Loaded shared library C:\Users\aribk\.gradle\native\1def1411415f61bf3af743bc5b6707747c0891f09f0c88961ee8f79bc544acac\windows-amd64\native-platform.dll
Event: 0.647 Loaded shared library C:\Users\aribk\.gradle\native\jansi\1.18\windows64\jansi.dll
Event: 0.846 Loaded shared library C:\Program Files\Eclipse Adoptium\jdk-21.0.3.9-hotspot\bin\extnet.dll
Event: 1.129 Loaded shared library C:\Program Files\Eclipse Adoptium\jdk-21.0.3.9-hotspot\bin\sunmscapi.dll

Deoptimization events (20 events):
Event: 417.825 Thread 0x000001de6ddd7560 DEOPT PACKING pc=0x000001de5664f78c sp=0x000000d7911fe860
Event: 417.825 Thread 0x000001de6ddd7560 DEOPT UNPACKING pc=0x000001de5d814e42 sp=0x000000d7911fdd30 mode 0
Event: 417.831 Thread 0x000001de6ddd7560 DEOPT PACKING pc=0x000001de5664f78c sp=0x000000d7911fea40
Event: 417.831 Thread 0x000001de6ddd7560 DEOPT UNPACKING pc=0x000001de5d814e42 sp=0x000000d7911fdf10 mode 0
Event: 538.866 Thread 0x000001de6ddd7560 Uncommon trap: trap_request=0xffffffd6 fr.pc=0x000001de5dee6614 relative=0x0000000000000474
Event: 538.867 Thread 0x000001de6ddd7560 Uncommon trap: reason=array_check action=maybe_recompile pc=0x000001de5dee6614 method=java.util.concurrent.ScheduledThreadPoolExecutor$DelayedWorkQueue.offer(Ljava/lang/Runnable;)Z @ 65 c2
Event: 538.867 Thread 0x000001de6ddd7560 DEOPT PACKING pc=0x000001de5dee6614 sp=0x000000d7911fef80
Event: 538.868 Thread 0x000001de6ddd7560 DEOPT UNPACKING pc=0x000001de5d8146a2 sp=0x000000d7911fee50 mode 2
Event: 538.974 Thread 0x000001de6ddd7560 Uncommon trap: trap_request=0xffffffd6 fr.pc=0x000001de5dee6614 relative=0x0000000000000474
Event: 538.974 Thread 0x000001de6ddd7560 Uncommon trap: reason=array_check action=maybe_recompile pc=0x000001de5dee6614 method=java.util.concurrent.ScheduledThreadPoolExecutor$DelayedWorkQueue.offer(Ljava/lang/Runnable;)Z @ 65 c2
Event: 538.974 Thread 0x000001de6ddd7560 DEOPT PACKING pc=0x000001de5dee6614 sp=0x000000d7911fef80
Event: 538.974 Thread 0x000001de6ddd7560 DEOPT UNPACKING pc=0x000001de5d8146a2 sp=0x000000d7911fee50 mode 2
Event: 539.074 Thread 0x000001de6ddd7560 Uncommon trap: trap_request=0xffffffd6 fr.pc=0x000001de5dee6614 relative=0x0000000000000474
Event: 539.074 Thread 0x000001de6ddd7560 Uncommon trap: reason=array_check action=maybe_recompile pc=0x000001de5dee6614 method=java.util.concurrent.ScheduledThreadPoolExecutor$DelayedWorkQueue.offer(Ljava/lang/Runnable;)Z @ 65 c2
Event: 539.074 Thread 0x000001de6ddd7560 DEOPT PACKING pc=0x000001de5dee6614 sp=0x000000d7911fef80
Event: 539.074 Thread 0x000001de6ddd7560 DEOPT UNPACKING pc=0x000001de5d8146a2 sp=0x000000d7911fee50 mode 2
Event: 539.216 Thread 0x000001de6ddd7560 Uncommon trap: trap_request=0xffffffd6 fr.pc=0x000001de5dee6614 relative=0x0000000000000474
Event: 539.216 Thread 0x000001de6ddd7560 Uncommon trap: reason=array_check action=maybe_recompile pc=0x000001de5dee6614 method=java.util.concurrent.ScheduledThreadPoolExecutor$DelayedWorkQueue.offer(Ljava/lang/Runnable;)Z @ 65 c2
Event: 539.216 Thread 0x000001de6ddd7560 DEOPT PACKING pc=0x000001de5dee6614 sp=0x000000d7911fef80
Event: 539.216 Thread 0x000001de6ddd7560 DEOPT UNPACKING pc=0x000001de5d8146a2 sp=0x000000d7911fee50 mode 2

Classes loaded (20 events):
Event: 2.650 Loading class jdk/internal/logger/LoggerFinderLoader
Event: 2.650 Loading class jdk/internal/logger/LoggerFinderLoader done
Event: 2.650 Loading class jdk/internal/logger/LoggerFinderLoader$TemporaryLoggerFinder
Event: 2.650 Loading class jdk/internal/logger/LoggerFinderLoader$TemporaryLoggerFinder done
Event: 2.650 Loading class sun/util/logging/internal/LoggingProviderImpl$JULWrapper
Event: 2.651 Loading class sun/util/logging/PlatformLogger$ConfigurableBridge$LoggerConfiguration
Event: 2.651 Loading class sun/util/logging/PlatformLogger$ConfigurableBridge$LoggerConfiguration done
Event: 2.651 Loading class sun/util/logging/internal/LoggingProviderImpl$JULWrapper done
Event: 2.652 Loading class java/io/ObjectInputFilter$Config$BuiltinFilterFactory
Event: 2.652 Loading class java/io/ObjectInputFilter$Config$BuiltinFilterFactory done
Event: 2.652 Loading class jdk/internal/access/JavaObjectInputFilterAccess
Event: 2.652 Loading class jdk/internal/access/JavaObjectInputFilterAccess done
Event: 2.652 Loading class java/lang/System$Logger$Level
Event: 2.652 Loading class java/lang/System$Logger$Level done
Event: 5.519 Loading class java/lang/invoke/MethodHandle$1
Event: 5.519 Loading class java/lang/invoke/MethodHandle$1 done
Event: 101.970 Loading class sun/nio/cs/Surrogate$Parser
Event: 101.970 Loading class sun/nio/cs/Surrogate$Parser done
Event: 101.970 Loading class sun/nio/cs/Surrogate
Event: 101.970 Loading class sun/nio/cs/Surrogate done

Classes unloaded (0 events):
No events

Classes redefined (0 events):
No events

Internal exceptions (20 events):
Event: 0.930 Thread 0x000001de4c0e4020 Exception <a 'java/lang/NoSuchMethodError'{0x00000000fe130f80}: 'java.lang.Object java.lang.invoke.DirectMethodHandle$Holder.invokeStatic(java.lang.Object, java.lang.Object, java.lang.Object, java.lang.Object, java.lang.Object, java.lang.Object, java.lang.Object, java.lang.Object, java.lang.Object, java.lang.Object, java.lang.Object, java.lang.Object, java.lang.Object, java.lang.Object, java.lang.Object)'> (0x00000000fe130f80) 
thrown [s\src\hotspot\share\interpreter\linkResolver.cpp, line 773]
Event: 0.932 Thread 0x000001de4c0e4020 Exception <a 'java/lang/NoSuchMethodError'{0x00000000fe153d28}: 'java.lang.Object java.lang.invoke.DirectMethodHandle$Holder.invokeStatic(java.lang.Object, java.lang.Object, java.lang.Object, java.lang.Object, java.lang.Object, java.lang.Object, java.lang.Object, java.lang.Object, java.lang.Object, java.lang.Object, java.lang.Object, java.lang.Object, java.lang.Object, java.lang.Object, java.lang.Object, java.lang.Object)'> (0x00000000fe153d28) 
thrown [s\src\hotspot\share\interpreter\linkResolver.cpp, lin
Event: 0.934 Thread 0x000001de4c0e4020 Exception <a 'java/lang/NoSuchMethodError'{0x00000000fe179dd8}: 'java.lang.Object java.lang.invoke.DirectMethodHandle$Holder.invokeStatic(java.lang.Object, java.lang.Object, java.lang.Object, java.lang.Object, java.lang.Object, java.lang.Object, java.lang.Object, java.lang.Object, java.lang.Object, java.lang.Object, java.lang.Object, java.lang.Object, java.lang.Object, java.lang.Object, java.lang.Object, java.lang.Object, java.lang.Object)'> (0x00000000fe179dd8) 
thrown [s\src\hotspot\share\interpreter\lin
Event: 0.935 Thread 0x000001de4c0e4020 Exception <a 'java/lang/NoSuchMethodError'{0x00000000fe1a1018}: 'java.lang.Object java.lang.invoke.DirectMethodHandle$Holder.invokeStatic(java.lang.Object, java.lang.Object, java.lang.Object, java.lang.Object, java.lang.Object, java.lang.Object, java.lang.Object, java.lang.Object, java.lang.Object, java.lang.Object, java.lang.Object, java.lang.Object, java.lang.Object, java.lang.Object, java.lang.Object, java.lang.Object, java.lang.Object, java.lang.Object)'> (0x00000000fe1a1018) 
thrown [s\src\hotspot\sha
Event: 0.939 Thread 0x000001de4c0e4020 Exception <a 'java/lang/NoSuchMethodError'{0x00000000fe1c9280}: 'java.lang.Object java.lang.invoke.DirectMethodHandle$Holder.invokeStatic(java.lang.Object, java.lang.Object, java.lang.Object, java.lang.Object, java.lang.Object, java.lang.Object, java.lang.Object, java.lang.Object, java.lang.Object, java.lang.Object, java.lang.Object, java.lang.Object, java.lang.Object, java.lang.Object, java.lang.Object, java.lang.Object, java.lang.Object, java.lang.Object, java.lang.Object)'> (0x00000000fe1c9280) 
thrown 
Event: 0.942 Thread 0x000001de4c0e4020 Exception <a 'java/lang/NoSuchMethodError'{0x00000000fe1f2af8}: 'java.lang.Object java.lang.invoke.DirectMethodHandle$Holder.invokeStatic(java.lang.Object, java.lang.Object, java.lang.Object, java.lang.Object, java.lang.Object, java.lang.Object, java.lang.Object, java.lang.Object, java.lang.Object, java.lang.Object, java.lang.Object, java.lang.Object, java.lang.Object, java.lang.Object, java.lang.Object, java.lang.Object, java.lang.Object, java.lang.Object, java.lang.Object, java.lang.Object)'> (0x00000000
Event: 0.943 Thread 0x000001de4c0e4020 Exception <a 'java/lang/NoSuchMethodError'{0x00000000fe01d590}: 'java.lang.Object java.lang.invoke.DirectMethodHandle$Holder.invokeStatic(java.lang.Object, java.lang.Object, java.lang.Object, java.lang.Object, java.lang.Object, java.lang.Object, java.lang.Object, java.lang.Object, java.lang.Object, java.lang.Object, java.lang.Object, java.lang.Object, java.lang.Object, java.lang.Object, java.lang.Object, java.lang.Object, java.lang.Object, java.lang.Object, java.lang.Object, java.lang.Object, java.lang.Obj
Event: 0.945 Thread 0x000001de4c0e4020 Exception <a 'java/lang/NoSuchMethodError'{0x00000000fe0485f8}: 'java.lang.Object java.lang.invoke.DirectMethodHandle$Holder.invokeStatic(java.lang.Object, java.lang.Object, java.lang.Object, java.lang.Object, java.lang.Object, java.lang.Object, java.lang.Object, java.lang.Object, java.lang.Object, java.lang.Object, java.lang.Object, java.lang.Object, java.lang.Object, java.lang.Object, java.lang.Object, java.lang.Object, java.lang.Object, java.lang.Object, java.lang.Object, java.lang.Object, java.lang.Obj
Event: 0.946 Thread 0x000001de4c0e4020 Exception <a 'java/lang/NoSuchMethodError'{0x00000000fe074670}: 'java.lang.Object java.lang.invoke.DirectMethodHandle$Holder.invokeStatic(java.lang.Object, java.lang.Object, java.lang.Object, java.lang.Object, java.lang.Object, java.lang.Object, java.lang.Object, java.lang.Object, java.lang.Object, java.lang.Object, java.lang.Object, java.lang.Object, java.lang.Object, java.lang.Object, java.lang.Object, java.lang.Object, java.lang.Object, java.lang.Object, java.lang.Object, java.lang.Object, java.lang.Obj
Event: 0.947 Thread 0x000001de4c0e4020 Exception <a 'java/lang/NoSuchMethodError'{0x00000000fe0a0eb0}: 'java.lang.Object java.lang.invoke.DirectMethodHandle$Holder.invokeStatic(java.lang.Object, java.lang.Object, java.lang.Object, java.lang.Object, java.lang.Object, java.lang.Object, java.lang.Object, java.lang.Object, java.lang.Object, java.lang.Object, java.lang.Object, java.lang.Object, java.lang.Object, java.lang.Object, java.lang.Object, java.lang.Object, java.lang.Object, java.lang.Object, java.lang.Object, java.lang.Object, java.lang.Obj
Event: 0.948 Thread 0x000001de4c0e4020 Exception <a 'java/lang/NoSuchMethodError'{0x00000000fe0cf0d0}: 'java.lang.Object java.lang.invoke.DirectMethodHandle$Holder.invokeStatic(java.lang.Object, java.lang.Object, java.lang.Object, java.lang.Object, java.lang.Object, java.lang.Object, java.lang.Object, java.lang.Object, java.lang.Object, java.lang.Object, java.lang.Object, java.lang.Object, java.lang.Object, java.lang.Object, java.lang.Object, java.lang.Object, java.lang.Object, java.lang.Object, java.lang.Object, java.lang.Object, java.lang.Obj
Event: 0.951 Thread 0x000001de4c0e4020 Exception <a 'java/lang/NoSuchMethodError'{0x00000000fe0f3400}: 'java.lang.Object java.lang.invoke.DirectMethodHandle$Holder.invokeSpecial(java.lang.Object, java.lang.Object, java.lang.Object, java.lang.Object, java.lang.Object, java.lang.Object, java.lang.Object, java.lang.Object, java.lang.Object, java.lang.Object, java.lang.Object, java.lang.Object, java.lang.Object, java.lang.Object, java.lang.Object, java.lang.Object, java.lang.Object, java.lang.Object, java.lang.Object, java.lang.Object, java.lang.Ob
Event: 0.952 Thread 0x000001de4c0e4020 Exception <a 'java/lang/NoSuchMethodError'{0x00000000fdf09838}: 'java.lang.Object java.lang.invoke.DirectMethodHandle$Holder.newInvokeSpecial(java.lang.Object, java.lang.Object, java.lang.Object, java.lang.Object, java.lang.Object, java.lang.Object, java.lang.Object, java.lang.Object, java.lang.Object, java.lang.Object, java.lang.Object, java.lang.Object, java.lang.Object, java.lang.Object, java.lang.Object, java.lang.Object, java.lang.Object, java.lang.Object, java.lang.Object, java.lang.Object, java.lang
Event: 0.952 Thread 0x000001de4c0e4020 Exception <a 'java/lang/NoSuchMethodError'{0x00000000fdf0f9d0}: 'java.lang.Object java.lang.invoke.Invokers$Holder.linkToTargetMethod(java.lang.Object, java.lang.Object, java.lang.Object, java.lang.Object, java.lang.Object, java.lang.Object, java.lang.Object, java.lang.Object, java.lang.Object, java.lang.Object, java.lang.Object, java.lang.Object, java.lang.Object, java.lang.Object, java.lang.Object, java.lang.Object, java.lang.Object, java.lang.Object, java.lang.Object, java.lang.Object, java.lang.Object,
Event: 0.953 Thread 0x000001de4c0e4020 Exception <a 'java/lang/NoSuchMethodError'{0x00000000fdf149d0}: 'java.lang.Object java.lang.invoke.DirectMethodHandle$Holder.invokeVirtual(java.lang.Object, java.lang.Object, java.lang.Object, java.lang.Object, java.lang.Object, java.lang.Object, java.lang.Object, java.lang.Object, java.lang.Object, java.lang.Object)'> (0x00000000fdf149d0) 
thrown [s\src\hotspot\share\interpreter\linkResolver.cpp, line 773]
Event: 0.968 Thread 0x000001de4c0e4020 Exception <a 'java/lang/NoSuchMethodError'{0x00000000fde0a430}: 'java.lang.Object java.lang.invoke.DirectMethodHandle$Holder.invokeVirtual(java.lang.Object, java.lang.Object, java.lang.Object, java.lang.Object, java.lang.Object, java.lang.Object, java.lang.Object, java.lang.Object, java.lang.Object)'> (0x00000000fde0a430) 
thrown [s\src\hotspot\share\interpreter\linkResolver.cpp, line 773]
Event: 0.989 Thread 0x000001de4c0e4020 Exception <a 'java/lang/NoSuchMethodError'{0x00000000fdd21600}: 'java.lang.Object java.lang.invoke.DirectMethodHandle$Holder.invokeVirtual(java.lang.Object, java.lang.Object, java.lang.Object, java.lang.Object, java.lang.Object, java.lang.Object, java.lang.Object, java.lang.Object)'> (0x00000000fdd21600) 
thrown [s\src\hotspot\share\interpreter\linkResolver.cpp, line 773]
Event: 1.003 Thread 0x000001de4c0e4020 Exception <a 'java/lang/NoSuchMethodError'{0x00000000fddb37e0}: 'java.lang.Object java.lang.invoke.DirectMethodHandle$Holder.invokeStaticInit(java.lang.Object, int, int, int, int)'> (0x00000000fddb37e0) 
thrown [s\src\hotspot\share\interpreter\linkResolver.cpp, line 773]
Event: 1.043 Thread 0x000001de4c0e4020 Exception <a 'java/lang/NoSuchMethodError'{0x00000000ffff1ae0}: 'java.lang.Object java.lang.invoke.DirectMethodHandle$Holder.invokeStaticInit(java.lang.Object, java.lang.Object, int, int, int, int)'> (0x00000000ffff1ae0) 
thrown [s\src\hotspot\share\interpreter\linkResolver.cpp, line 773]
Event: 1.066 Thread 0x000001de4c0e4020 Implicit null exception at 0x000001de5ddacb24 to 0x000001de5ddad178

ZGC Phase Switch (0 events):
No events

VM Operations (20 events):
Event: 421.282 Executing VM operation: RendezvousGCThreads
Event: 421.282 Executing VM operation: RendezvousGCThreads done
Event: 444.504 Executing VM operation: Cleanup
Event: 444.504 Executing VM operation: Cleanup done
Event: 481.318 Executing VM operation: HandshakeAllThreads (HandshakeForDeflation)
Event: 481.319 Executing VM operation: HandshakeAllThreads (HandshakeForDeflation) done
Event: 481.320 Executing VM operation: RendezvousGCThreads
Event: 481.320 Executing VM operation: RendezvousGCThreads done
Event: 501.476 Executing VM operation: Cleanup
Event: 501.578 Executing VM operation: Cleanup done
Event: 524.844 Executing VM operation: Cleanup
Event: 524.845 Executing VM operation: Cleanup done
Event: 539.003 Executing VM operation: Cleanup
Event: 539.003 Executing VM operation: Cleanup done
Event: 540.015 Executing VM operation: Cleanup
Event: 540.015 Executing VM operation: Cleanup done
Event: 541.529 Executing VM operation: HandshakeAllThreads (HandshakeForDeflation)
Event: 541.529 Executing VM operation: HandshakeAllThreads (HandshakeForDeflation) done
Event: 541.530 Executing VM operation: RendezvousGCThreads
Event: 541.530 Executing VM operation: RendezvousGCThreads done

Events (20 events):
Event: 0.016 Thread 0x000001de4c0e4020 Thread added: 0x000001de4c0e4020
Event: 0.026 Thread 0x000001de68c4a150 Thread added: 0x000001de68c4a150
Event: 0.026 Thread 0x000001de68c4d8e0 Thread added: 0x000001de68c4d8e0
Event: 0.026 Thread 0x000001de68c52670 Thread added: 0x000001de68c52670
Event: 0.026 Thread 0x000001de68c53480 Thread added: 0x000001de68c53480
Event: 0.026 Thread 0x000001de68c54c00 Thread added: 0x000001de68c54c00
Event: 0.026 Thread 0x000001de68c5e4c0 Thread added: 0x000001de68c5e4c0
Event: 0.026 Thread 0x000001de68c850b0 Thread added: 0x000001de68c850b0
Event: 0.026 Thread 0x000001de68c86270 Thread added: 0x000001de68c86270
Event: 0.035 Thread 0x000001de6d107e80 Thread added: 0x000001de6d107e80
Event: 0.036 Thread 0x000001de6d10d520 Thread added: 0x000001de6d10d520
Event: 0.271 Thread 0x000001de68c88480 Thread added: 0x000001de68c88480
Event: 0.331 Thread 0x000001de68c88b50 Thread added: 0x000001de68c88b50
Event: 0.664 Thread 0x000001de6ddd7560 Thread added: 0x000001de6ddd7560
Event: 1.979 Thread 0x000001de68c88b50 Thread exited: 0x000001de68c88b50
Event: 2.165 Thread 0x000001de68c88480 Thread exited: 0x000001de68c88480
Event: 113.289 Thread 0x000001de68c88b50 Thread added: 0x000001de68c88b50
Event: 116.569 Thread 0x000001de68c88b50 Thread exited: 0x000001de68c88b50
Event: 379.447 Thread 0x000001de68c88480 Thread added: 0x000001de68c88480
Event: 379.794 Thread 0x000001de68c88480 Thread exited: 0x000001de68c88480


Dynamic libraries:
0x00007ff7714b0000 - 0x00007ff7714be000 	C:\Program Files\Eclipse Adoptium\jdk-21.0.3.9-hotspot\bin\java.exe
0x00007ffb34ae0000 - 0x00007ffb34d47000 	C:\WINDOWS\SYSTEM32\ntdll.dll
0x00007ffb33670000 - 0x00007ffb33739000 	C:\WINDOWS\System32\KERNEL32.DLL
0x00007ffb323f0000 - 0x00007ffb327df000 	C:\WINDOWS\System32\KERNELBASE.dll
0x00007ffb31d20000 - 0x00007ffb31e6b000 	C:\WINDOWS\System32\ucrtbase.dll
0x00007ffb051a0000 - 0x00007ffb051b8000 	C:\Program Files\Eclipse Adoptium\jdk-21.0.3.9-hotspot\bin\jli.dll
0x00007ffafa200000 - 0x00007ffafa21b000 	C:\Program Files\Eclipse Adoptium\jdk-21.0.3.9-hotspot\bin\VCRUNTIME140.dll
0x00007ffb34290000 - 0x00007ffb34455000 	C:\WINDOWS\System32\USER32.dll
0x00007ffb31cf0000 - 0x00007ffb31d17000 	C:\WINDOWS\System32\win32u.dll
0x00007ffb1a3a0000 - 0x00007ffb1a633000 	C:\WINDOWS\WinSxS\amd64_microsoft.windows.common-controls_6595b64144ccf1df_6.0.26100.7309_none_3e05feeae336a044\COMCTL32.dll
0x00007ffb32de0000 - 0x00007ffb32e0b000 	C:\WINDOWS\System32\GDI32.dll
0x00007ffb32d30000 - 0x00007ffb32dd9000 	C:\WINDOWS\System32\msvcrt.dll
0x00007ffb32210000 - 0x00007ffb3233c000 	C:\WINDOWS\System32\gdi32full.dll
0x00007ffb32160000 - 0x00007ffb32203000 	C:\WINDOWS\System32\msvcp_win.dll
0x00007ffb34220000 - 0x00007ffb34251000 	C:\WINDOWS\System32\IMM32.DLL
0x00007ffb07de0000 - 0x00007ffb07dec000 	C:\Program Files\Eclipse Adoptium\jdk-21.0.3.9-hotspot\bin\vcruntime140_1.dll
0x00007ffaf25f0000 - 0x00007ffaf267e000 	C:\Program Files\Eclipse Adoptium\jdk-21.0.3.9-hotspot\bin\msvcp140.dll
0x00007ffabd7d0000 - 0x00007ffabe552000 	C:\Program Files\Eclipse Adoptium\jdk-21.0.3.9-hotspot\bin\server\jvm.dll
0x00007ffb34160000 - 0x00007ffb34214000 	C:\WINDOWS\System32\ADVAPI32.dll
0x00007ffb32c60000 - 0x00007ffb32d06000 	C:\WINDOWS\System32\sechost.dll
0x00007ffb328b0000 - 0x00007ffb329c8000 	C:\WINDOWS\System32\RPCRT4.dll
0x00007ffb32a40000 - 0x00007ffb32ab4000 	C:\WINDOWS\System32\WS2_32.dll
0x00007ffb31ab0000 - 0x00007ffb31b0e000 	C:\WINDOWS\SYSTEM32\POWRPROF.dll
0x00007ffb2bcc0000 - 0x00007ffb2bccb000 	C:\WINDOWS\SYSTEM32\VERSION.dll
0x00007ffb2a380000 - 0x00007ffb2a3b5000 	C:\WINDOWS\SYSTEM32\WINMM.dll
0x00007ffb31a90000 - 0x00007ffb31aa4000 	C:\WINDOWS\SYSTEM32\UMPDC.dll
0x00007ffb309e0000 - 0x00007ffb309fb000 	C:\WINDOWS\SYSTEM32\kernel.appcore.dll
0x00007ffae46d0000 - 0x00007ffae46da000 	C:\Program Files\Eclipse Adoptium\jdk-21.0.3.9-hotspot\bin\jimage.dll
0x00007ffb273c0000 - 0x00007ffb27602000 	C:\WINDOWS\SYSTEM32\DBGHELP.DLL
0x00007ffb33740000 - 0x00007ffb33ac6000 	C:\WINDOWS\System32\combase.dll
0x00007ffb33bb0000 - 0x00007ffb33c86000 	C:\WINDOWS\System32\OLEAUT32.dll
0x00007ffb15e70000 - 0x00007ffb15eac000 	C:\WINDOWS\SYSTEM32\dbgcore.DLL
0x00007ffb32340000 - 0x00007ffb323e5000 	C:\WINDOWS\System32\bcryptPrimitives.dll
0x00007ffac6170000 - 0x00007ffac618f000 	C:\Program Files\Eclipse Adoptium\jdk-21.0.3.9-hotspot\bin\java.dll
0x00007ffb32e10000 - 0x00007ffb33563000 	C:\WINDOWS\System32\SHELL32.dll
0x00007ffb31ff0000 - 0x00007ffb3215a000 	C:\WINDOWS\System32\wintypes.dll
0x00007ffb2f870000 - 0x00007ffb300ce000 	C:\WINDOWS\SYSTEM32\windows.storage.dll
0x00007ffb33570000 - 0x00007ffb33665000 	C:\WINDOWS\System32\SHCORE.dll
0x00007ffb329d0000 - 0x00007ffb32a36000 	C:\WINDOWS\System32\shlwapi.dll
0x00007ffb31b50000 - 0x00007ffb31b79000 	C:\WINDOWS\SYSTEM32\profapi.dll
0x00007ffac6090000 - 0x00007ffac6167000 	C:\Program Files\Eclipse Adoptium\jdk-21.0.3.9-hotspot\bin\jsvml.dll
0x00007ffae46b0000 - 0x00007ffae46c0000 	C:\Program Files\Eclipse Adoptium\jdk-21.0.3.9-hotspot\bin\net.dll
0x00007ffb2a8d0000 - 0x00007ffb2a9f8000 	C:\WINDOWS\SYSTEM32\WINHTTP.dll
0x00007ffb30f50000 - 0x00007ffb30fbb000 	C:\WINDOWS\system32\mswsock.dll
0x00007ffac6050000 - 0x00007ffac6066000 	C:\Program Files\Eclipse Adoptium\jdk-21.0.3.9-hotspot\bin\nio.dll
0x00007ffac6070000 - 0x00007ffac6088000 	C:\Program Files\Eclipse Adoptium\jdk-21.0.3.9-hotspot\bin\zip.dll
0x00007ffafa1f0000 - 0x00007ffafa200000 	C:\Program Files\Eclipse Adoptium\jdk-21.0.3.9-hotspot\bin\verify.dll
0x00007ffaf2580000 - 0x00007ffaf258a000 	C:\Program Files\Eclipse Adoptium\jdk-21.0.3.9-hotspot\bin\management.dll
0x00007ffaf2570000 - 0x00007ffaf257b000 	C:\Program Files\Eclipse Adoptium\jdk-21.0.3.9-hotspot\bin\management_ext.dll
0x00007ffb32d20000 - 0x00007ffb32d28000 	C:\WINDOWS\System32\PSAPI.DLL
0x00007ffaed410000 - 0x00007ffaed437000 	C:\Users\aribk\.gradle\native\1def1411415f61bf3af743bc5b6707747c0891f09f0c88961ee8f79bc544acac\windows-amd64\native-platform.dll
0x00007ffac95f0000 - 0x00007ffac95fa000 	C:\Users\aribk\.gradle\native\jansi\1.18\windows64\jansi.dll
0x00007ffb303f0000 - 0x00007ffb30424000 	C:\WINDOWS\SYSTEM32\IPHLPAPI.DLL
0x00007ffb328a0000 - 0x00007ffb328aa000 	C:\WINDOWS\System32\NSI.dll
0x00007ffb2ebe0000 - 0x00007ffb2ebe9000 	C:\Program Files\Eclipse Adoptium\jdk-21.0.3.9-hotspot\bin\extnet.dll
0x00007ffb31220000 - 0x00007ffb3123b000 	C:\WINDOWS\SYSTEM32\CRYPTSP.dll
0x00007ffb30940000 - 0x00007ffb3097a000 	C:\WINDOWS\system32\rsaenh.dll
0x00007ffb31000000 - 0x00007ffb3102b000 	C:\WINDOWS\SYSTEM32\USERENV.dll
0x00007ffb31b20000 - 0x00007ffb31b4a000 	C:\WINDOWS\SYSTEM32\bcrypt.dll
0x00007ffb31210000 - 0x00007ffb3121c000 	C:\WINDOWS\SYSTEM32\CRYPTBASE.dll
0x00007ffaf2560000 - 0x00007ffaf256e000 	C:\Program Files\Eclipse Adoptium\jdk-21.0.3.9-hotspot\bin\sunmscapi.dll
0x00007ffb31e70000 - 0x00007ffb31fe7000 	C:\WINDOWS\System32\CRYPT32.dll
0x00007ffb31430000 - 0x00007ffb31460000 	C:\WINDOWS\SYSTEM32\ncrypt.dll
0x00007ffb313e0000 - 0x00007ffb3141f000 	C:\WINDOWS\SYSTEM32\NTASN1.dll
0x00007ffaf1510000 - 0x00007ffaf1518000 	C:\WINDOWS\system32\wshunix.dll

dbghelp: loaded successfully - version: 4.0.5 - missing functions: none
symbol engine: initialized successfully - sym options: 0x614 - pdb path: .;C:\Program Files\Eclipse Adoptium\jdk-21.0.3.9-hotspot\bin;C:\WINDOWS\SYSTEM32;C:\WINDOWS\WinSxS\amd64_microsoft.windows.common-controls_6595b64144ccf1df_6.0.26100.7309_none_3e05feeae336a044;C:\Program Files\Eclipse Adoptium\jdk-21.0.3.9-hotspot\bin\server;C:\Users\aribk\.gradle\native\1def1411415f61bf3af743bc5b6707747c0891f09f0c88961ee8f79bc544acac\windows-amd64;C:\Users\aribk\.gradle\native\jansi\1.18\windows64

VM Arguments:
jvm_args: -Xmx64m -Xms64m -Dorg.gradle.appname=gradlew 
java_command: D:\Al websites\SafeBrowse structured\Safe-Browse\frontend\android\\gradle\wrapper\gradle-wrapper.jar app:assembleDebug -x lint -x test --configure-on-demand --build-cache -PreactNativeDevServerPort=8081 -PreactNativeArchitectures=arm64-v8a
java_class_path (initial): D:\Al websites\SafeBrowse structured\Safe-Browse\frontend\android\\gradle\wrapper\gradle-wrapper.jar
Launcher Type: SUN_STANDARD

[Global flags]
     intx CICompilerCount                          = 4                                         {product} {ergonomic}
     uint ConcGCThreads                            = 3                                         {product} {ergonomic}
     uint G1ConcRefinementThreads                  = 10                                        {product} {ergonomic}
   size_t G1HeapRegionSize                         = 1048576                                   {product} {ergonomic}
    uintx GCDrainStackTargetSize                   = 64                                        {product} {ergonomic}
   size_t InitialHeapSize                          = 67108864                                  {product} {command line}
   size_t MarkStackSize                            = 4194304                                   {product} {ergonomic}
   size_t MaxHeapSize                              = 67108864                                  {product} {command line}
   size_t MaxNewSize                               = 39845888                                  {product} {ergonomic}
   size_t MinHeapDeltaBytes                        = 1048576                                   {product} {ergonomic}
   size_t MinHeapSize                              = 67108864                                  {product} {command line}
    uintx NonNMethodCodeHeapSize                   = 5839372                                {pd product} {ergonomic}
    uintx NonProfiledCodeHeapSize                  = 122909434                              {pd product} {ergonomic}
    uintx ProfiledCodeHeapSize                     = 122909434                              {pd product} {ergonomic}
    uintx ReservedCodeCacheSize                    = 251658240                              {pd product} {ergonomic}
     bool SegmentedCodeCache                       = true                                      {product} {ergonomic}
   size_t SoftMaxHeapSize                          = 67108864                               {manageable} {ergonomic}
     bool UseCompressedOops                        = true                           {product lp64_product} {ergonomic}
     bool UseG1GC                                  = true                                      {product} {ergonomic}
     bool UseLargePagesIndividualAllocation        = false                                  {pd product} {ergonomic}

Logging:
Log output configuration:
 #0: stdout all=warning uptime,level,tags foldmultilines=false
 #1: stderr all=off uptime,level,tags foldmultilines=false

Environment Variables:
PATH=D:\Al websites\SafeBrowse structured\Safe-Browse\frontend\node_modules\.bin;D:\Al websites\SafeBrowse structured\Safe-Browse\frontend\node_modules\.bin;D:\Al websites\SafeBrowse structured\Safe-Browse\node_modules\.bin;D:\Al websites\SafeBrowse structured\node_modules\.bin;D:\Al websites\node_modules\.bin;D:\node_modules\.bin;D:\node_modules\npm\node_modules\@npmcli\run-script\lib\node-gyp-bin;D:\Al websites\SafeBrowse_MVP\SafeBrowse_Flutter\flutter\bin\cache\dart-sdk\bin\;D:\OracleXE213_Win64\dbhomeXE\bin;C:\Program Files\Eclipse Adoptium\jdk-21.0.3.9-hotspot\bin;C:\Program Files\Common Files\Oracle\Java\javapath;C:\windows\system32;C:\windows;C:\windows\System32\Wbem;C:\windows\System32\WindowsPowerShell\v1.0\;C:\windows\System32\OpenSSH\;C:\Program Files (x86)\NVIDIA Corporation\PhysX\Common;C:\Program Files\NVIDIA Corporation\NVIDIA NvDLISR;C:\WINDOWS\system32;C:\WINDOWS;C:\WINDOWS\System32\Wbem;C:\WINDOWS\System32\WindowsPowerShell\v1.0\;C:\WINDOWS\System32\OpenSSH\;D:\vs code for java\Git\cmd;D:\;C:\Program Files\dotnet\;D:\miniconda3;D:\miniconda3\Library\mingw-w64\bin;D:\miniconda3\Library\usr\bin;D:\miniconda3\Library\bin;D:\miniconda3\Scripts;C:\Users\aribk\AppData\Local\Programs\Python\Python312\Scripts\;C:\Users\aribk\AppData\Local\Programs\Python\Python312\;C:\Users\aribk\AppData\Local\Programs\Python\Python310\Scripts\;C:\Users\aribk\AppData\Local\Programs\Python\Python310\;C:\Users\aribk\AppData\Local\Microsoft\WindowsApps;C:\Users\aribk\AppData\Local\Programs\Microsoft VS Code\bin;C:\Program Files\JetBrains\PyCharm Community Edition 2023.1.2\bin;;C:\Program Files\Tesseract-OCR;C:\Users\aribk\AppData\Roaming\npm;C:\Users\aribk\AppData\Local\Programs\Antigravity\bin;D:\Al websites\SafeBrowse_MVP\SafeBrowse_Flutter\flutter\bin;c:\Users\aribk\.antigravity\extensions\vscjava.vscode-java-debug-0.58.5-universal\bundled\scripts\noConfigScripts;c:\Users\aribk\.antigravity\extensions\ms-python.debugpy-2025.18.0-win32-x64\bundled\scripts\noConfigScripts
USERNAME=aribk
LANG=en_US.UTF-8
OS=Windows_NT
PROCESSOR_IDENTIFIER=AMD64 Family 25 Model 80 Stepping 0, AuthenticAMD
TMP=C:\Users\aribk\AppData\Local\Temp
TEMP=C:\Users\aribk\AppData\Local\Temp




Periodic native trim disabled

---------------  S Y S T E M  ---------------

OS:
 Windows 11 , 64 bit Build 26100 (10.0.26100.7623)
OS uptime: 0 days 0:16 hours

CPU: total 12 (initial active 12) (12 cores per cpu, 2 threads per core) family 25 model 80 stepping 0 microcode 0xa50000d, cx8, cmov, fxsr, ht, mmx, 3dnowpref, sse, sse2, sse3, ssse3, sse4a, sse4.1, sse4.2, popcnt, lzcnt, tsc, tscinvbit, avx, avx2, aes, erms, clmul, bmi1, bmi2, adx, sha, fma, vzeroupper, clflush, clflushopt, rdtscp, rdpid, fsrm, f16c, pku, cet_ss
Processor Information for processor 0
  Max Mhz: 3301, Current Mhz: 2011, Mhz Limit: 3301
Processor Information for processor 1
  Max Mhz: 3301, Current Mhz: 2011, Mhz Limit: 3301
Processor Information for processor 2
  Max Mhz: 3301, Current Mhz: 2011, Mhz Limit: 3301
Processor Information for processor 3
  Max Mhz: 3301, Current Mhz: 3301, Mhz Limit: 3301
Processor Information for processor 4
  Max Mhz: 3301, Current Mhz: 2011, Mhz Limit: 3301
Processor Information for processor 5
  Max Mhz: 3301, Current Mhz: 2011, Mhz Limit: 3301
Processor Information for processor 6
  Max Mhz: 3301, Current Mhz: 3301, Mhz Limit: 3301
Processor Information for processor 7
  Max Mhz: 3301, Current Mhz: 3301, Mhz Limit: 3301
Processor Information for processor 8
  Max Mhz: 3301, Current Mhz: 3301, Mhz Limit: 3301
Processor Information for processor 9
  Max Mhz: 3301, Current Mhz: 3301, Mhz Limit: 3301
Processor Information for processor 10
  Max Mhz: 3301, Current Mhz: 2011, Mhz Limit: 3301
Processor Information for processor 11
  Max Mhz: 3301, Current Mhz: 2011, Mhz Limit: 3301

Memory: 4k page, system-wide physical 7521M (746M free)
TotalPageFile size 31073M (AvailPageFile size 0M)
current process WorkingSet (physical memory assigned to process): 15M, peak: 116M
current process commit charge ("private bytes"): 173M, peak: 196M

vm_info: OpenJDK 64-Bit Server VM (21.0.3+9-LTS) for windows-amd64 JRE (21.0.3+9-LTS), built on 2024-04-16T00:00:00Z by "admin" with MS VC++ 17.7 (VS2022)

END.
